mode: set
github.com/absfs/basefs/basefile.go:21.45,22.16 1 1
github.com/absfs/basefs/basefile.go:22.16,24.3 1 1
github.com/absfs/basefs/basefile.go:26.2,26.19 1 1
github.com/absfs/basefs/basefile.go:26.19,28.3 1 1
github.com/absfs/basefs/basefile.go:29.2,29.25 1 1
github.com/absfs/basefs/basefile.go:30.21,32.54 2 1
github.com/absfs/basefs/basefile.go:33.10,34.65 1 1
github.com/absfs/basefs/basefile.go:38.30,40.2 1 0
github.com/absfs/basefs/basefile.go:42.50,46.2 2 1
github.com/absfs/basefs/basefile.go:48.63,52.2 2 0
github.com/absfs/basefs/basefile.go:54.51,58.2 2 1
github.com/absfs/basefs/basefile.go:60.64,64.2 2 0
github.com/absfs/basefs/basefile.go:66.30,70.2 2 1
github.com/absfs/basefs/basefile.go:72.70,76.2 2 0
github.com/absfs/basefs/basefile.go:78.44,80.16 2 0
github.com/absfs/basefs/basefile.go:80.16,82.3 1 0
github.com/absfs/basefs/basefile.go:84.2,84.48 1 0
github.com/absfs/basefs/basefile.go:87.29,89.2 1 1
github.com/absfs/basefs/basefile.go:91.63,94.2 2 1
github.com/absfs/basefs/basefile.go:96.64,99.2 2 0
github.com/absfs/basefs/basefile.go:101.54,104.2 2 1
github.com/absfs/basefs/basefile.go:106.43,108.2 1 0
github.com/absfs/basefs/basefile.go:110.57,114.2 2 1
github.com/absfs/basefs/basefile.go:121.34,123.2 1 1
github.com/absfs/basefs/basefile.go:125.33,127.2 1 1
github.com/absfs/basefs/basefile.go:129.40,131.2 1 1
github.com/absfs/basefs/basefile.go:133.39,135.2 1 1
github.com/absfs/basefs/basefile.go:137.38,139.2 1 0
github.com/absfs/basefs/basefile.go:141.33,143.2 1 1
github.com/absfs/basefs/basefs.go:23.42,25.21 2 0
github.com/absfs/basefs/basefs.go:25.21,28.3 2 0
github.com/absfs/basefs/basefs.go:30.2,31.12 2 0
github.com/absfs/basefs/basefs.go:34.50,36.2 1 0
github.com/absfs/basefs/basefs.go:38.52,39.16 1 1
github.com/absfs/basefs/basefs.go:39.16,41.3 1 0
github.com/absfs/basefs/basefs.go:43.2,43.17 1 1
github.com/absfs/basefs/basefs.go:43.17,45.3 1 1
github.com/absfs/basefs/basefs.go:47.2,47.23 1 1
github.com/absfs/basefs/basefs.go:47.23,49.3 1 1
github.com/absfs/basefs/basefs.go:52.2,55.40 2 1
github.com/absfs/basefs/basefs.go:55.40,57.3 1 1
github.com/absfs/basefs/basefs.go:58.2,58.18 1 1
github.com/absfs/basefs/basefs.go:69.80,70.15 1 1
github.com/absfs/basefs/basefs.go:70.15,72.3 1 0
github.com/absfs/basefs/basefs.go:74.2,74.26 1 1
github.com/absfs/basefs/basefs.go:74.26,76.3 1 0
github.com/absfs/basefs/basefs.go:77.2,78.16 2 1
github.com/absfs/basefs/basefs.go:78.16,80.3 1 0
github.com/absfs/basefs/basefs.go:81.2,81.19 1 1
github.com/absfs/basefs/basefs.go:81.19,83.3 1 0
github.com/absfs/basefs/basefs.go:85.2,88.8 1 1
github.com/absfs/basefs/basefs.go:92.100,95.16 2 1
github.com/absfs/basefs/basefs.go:95.16,97.3 1 1
github.com/absfs/basefs/basefs.go:99.2,100.16 2 1
github.com/absfs/basefs/basefs.go:100.16,102.3 1 1
github.com/absfs/basefs/basefs.go:104.2,104.59 1 1
github.com/absfs/basefs/basefs.go:109.72,111.16 2 1
github.com/absfs/basefs/basefs.go:111.16,113.3 1 1
github.com/absfs/basefs/basefs.go:114.2,115.30 2 1
github.com/absfs/basefs/basefs.go:120.55,122.16 2 1
github.com/absfs/basefs/basefs.go:122.16,124.3 1 1
github.com/absfs/basefs/basefs.go:126.2,127.30 2 1
github.com/absfs/basefs/basefs.go:130.67,133.16 3 1
github.com/absfs/basefs/basefs.go:133.16,136.3 2 1
github.com/absfs/basefs/basefs.go:137.2,138.16 2 1
github.com/absfs/basefs/basefs.go:138.16,141.3 2 1
github.com/absfs/basefs/basefs.go:142.2,143.30 2 1
github.com/absfs/basefs/basefs.go:148.68,150.16 2 1
github.com/absfs/basefs/basefs.go:150.16,152.3 1 1
github.com/absfs/basefs/basefs.go:154.2,155.16 2 1
github.com/absfs/basefs/basefs.go:155.16,157.3 1 1
github.com/absfs/basefs/basefs.go:159.2,159.46 1 1
github.com/absfs/basefs/basefs.go:163.72,165.16 2 1
github.com/absfs/basefs/basefs.go:165.16,167.3 1 1
github.com/absfs/basefs/basefs.go:169.2,170.30 2 1
github.com/absfs/basefs/basefs.go:174.90,176.16 2 1
github.com/absfs/basefs/basefs.go:176.16,178.3 1 0
github.com/absfs/basefs/basefs.go:179.2,180.30 2 1
github.com/absfs/basefs/basefs.go:184.68,186.16 2 1
github.com/absfs/basefs/basefs.go:186.16,188.3 1 1
github.com/absfs/basefs/basefs.go:190.2,191.30 2 1
github.com/absfs/basefs/basefs.go:194.46,197.45 2 1
github.com/absfs/basefs/basefs.go:197.45,199.3 1 0
github.com/absfs/basefs/basefs.go:202.2,202.15 1 1
github.com/absfs/basefs/basefs.go:205.67,207.16 2 1
github.com/absfs/basefs/basefs.go:207.16,209.3 1 1
github.com/absfs/basefs/basefs.go:211.2,212.16 2 1
github.com/absfs/basefs/basefs.go:212.16,215.3 2 1
github.com/absfs/basefs/basefs.go:217.2,217.41 1 1
github.com/absfs/basefs/basefs.go:220.69,222.16 2 1
github.com/absfs/basefs/basefs.go:222.16,224.3 1 1
github.com/absfs/basefs/basefs.go:226.2,227.16 2 1
github.com/absfs/basefs/basefs.go:227.16,229.3 1 1
github.com/absfs/basefs/basefs.go:231.2,231.41 1 1
github.com/absfs/basefs/basefs.go:234.75,236.16 2 1
github.com/absfs/basefs/basefs.go:236.16,238.3 1 1
github.com/absfs/basefs/basefs.go:240.2,240.35 1 1
github.com/absfs/basefs/basefs.go:243.58,245.16 2 1
github.com/absfs/basefs/basefs.go:245.16,247.3 1 1
github.com/absfs/basefs/basefs.go:249.2,249.30 1 1
github.com/absfs/basefs/basefs.go:252.69,254.16 2 1
github.com/absfs/basefs/basefs.go:254.16,256.3 1 1
github.com/absfs/basefs/basefs.go:258.2,258.35 1 1
github.com/absfs/basefs/basefs.go:261.69,263.16 2 1
github.com/absfs/basefs/basefs.go:263.16,265.3 1 1
github.com/absfs/basefs/basefs.go:267.2,268.36 2 1
github.com/absfs/basefs/basefs.go:273.69,275.16 2 1
github.com/absfs/basefs/basefs.go:275.16,277.3 1 0
github.com/absfs/basefs/basefs.go:279.2,280.30 2 1
github.com/absfs/basefs/basefs.go:283.67,285.16 2 1
github.com/absfs/basefs/basefs.go:285.16,287.3 1 0
github.com/absfs/basefs/basefs.go:289.2,290.16 2 1
github.com/absfs/basefs/basefs.go:290.16,292.3 1 1
github.com/absfs/basefs/basefs.go:296.2,296.52 1 1
github.com/absfs/basefs/basefs.go:296.52,298.3 1 1
github.com/absfs/basefs/basefs.go:301.2,301.41 1 1
github.com/absfs/basefs/basefs.go:301.41,306.54 3 1
github.com/absfs/basefs/basefs.go:306.54,308.4 1 1
github.com/absfs/basefs/basefs.go:309.3,309.30 1 1
github.com/absfs/basefs/basefs.go:312.2,312.20 1 1
github.com/absfs/basefs/basefs.go:315.68,321.16 2 1
github.com/absfs/basefs/basefs.go:321.16,323.3 1 0
github.com/absfs/basefs/basefs.go:325.2,326.25 2 1
github.com/absfs/basefs/basefs.go:326.25,329.17 2 1
github.com/absfs/basefs/basefs.go:329.17,331.4 1 0
github.com/absfs/basefs/basefs.go:332.8,335.3 1 1
github.com/absfs/basefs/basefs.go:337.2,338.30 2 1
github.com/absfs/basefs/basefs.go:342.73,344.16 2 1
github.com/absfs/basefs/basefs.go:344.16,346.3 1 0
github.com/absfs/basefs/basefs.go:348.2,349.39 2 1
github.com/absfs/basefs/basefs.go:353.67,355.16 2 1
github.com/absfs/basefs/basefs.go:355.16,357.3 1 0
github.com/absfs/basefs/basefs.go:359.2,360.36 2 1
github.com/absfs/basefs/basefs.go:364.60,366.16 2 1
github.com/absfs/basefs/basefs.go:366.16,368.3 1 0
github.com/absfs/basefs/basefs.go:370.2,370.37 1 1
github.com/absfs/basefs/basefs.go:381.74,382.15 1 1
github.com/absfs/basefs/basefs.go:382.15,384.3 1 0
github.com/absfs/basefs/basefs.go:386.2,386.26 1 1
github.com/absfs/basefs/basefs.go:386.26,388.3 1 0
github.com/absfs/basefs/basefs.go:389.2,390.16 2 1
github.com/absfs/basefs/basefs.go:390.16,392.3 1 0
github.com/absfs/basefs/basefs.go:393.2,393.19 1 1
github.com/absfs/basefs/basefs.go:393.19,395.3 1 0
github.com/absfs/basefs/basefs.go:397.2,400.8 1 1
github.com/absfs/basefs/basefs.go:404.93,407.16 2 0
github.com/absfs/basefs/basefs.go:407.16,409.3 1 0
github.com/absfs/basefs/basefs.go:411.2,412.16 2 0
github.com/absfs/basefs/basefs.go:412.16,414.3 1 0
github.com/absfs/basefs/basefs.go:416.2,416.59 1 0
github.com/absfs/basefs/basefs.go:421.65,423.16 2 0
github.com/absfs/basefs/basefs.go:423.16,425.3 1 0
github.com/absfs/basefs/basefs.go:426.2,427.30 2 0
github.com/absfs/basefs/basefs.go:432.48,434.16 2 1
github.com/absfs/basefs/basefs.go:434.16,436.3 1 0
github.com/absfs/basefs/basefs.go:438.2,439.30 2 1
github.com/absfs/basefs/basefs.go:442.60,445.16 3 0
github.com/absfs/basefs/basefs.go:445.16,448.3 2 0
github.com/absfs/basefs/basefs.go:449.2,450.16 2 0
github.com/absfs/basefs/basefs.go:450.16,453.3 2 0
github.com/absfs/basefs/basefs.go:454.2,455.30 2 0
github.com/absfs/basefs/basefs.go:460.61,462.16 2 0
github.com/absfs/basefs/basefs.go:462.16,464.3 1 0
github.com/absfs/basefs/basefs.go:466.2,467.16 2 0
github.com/absfs/basefs/basefs.go:467.16,469.3 1 0
github.com/absfs/basefs/basefs.go:471.2,471.46 1 0
github.com/absfs/basefs/basefs.go:475.65,477.16 2 0
github.com/absfs/basefs/basefs.go:477.16,479.3 1 0
github.com/absfs/basefs/basefs.go:481.2,482.30 2 0
github.com/absfs/basefs/basefs.go:486.83,488.16 2 0
github.com/absfs/basefs/basefs.go:488.16,490.3 1 0
github.com/absfs/basefs/basefs.go:491.2,492.30 2 0
github.com/absfs/basefs/basefs.go:496.61,498.16 2 0
github.com/absfs/basefs/basefs.go:498.16,500.3 1 0
github.com/absfs/basefs/basefs.go:502.2,503.30 2 0
github.com/absfs/basefs/basefs.go:506.39,509.45 2 0
github.com/absfs/basefs/basefs.go:509.45,511.3 1 0
github.com/absfs/basefs/basefs.go:514.2,514.15 1 0
github.com/absfs/basefs/basefs.go:517.60,519.16 2 1
github.com/absfs/basefs/basefs.go:519.16,521.3 1 0
github.com/absfs/basefs/basefs.go:523.2,524.16 2 1
github.com/absfs/basefs/basefs.go:524.16,527.3 2 0
github.com/absfs/basefs/basefs.go:529.2,529.41 1 1
github.com/absfs/basefs/basefs.go:532.62,534.16 2 1
github.com/absfs/basefs/basefs.go:534.16,536.3 1 0
github.com/absfs/basefs/basefs.go:538.2,539.16 2 1
github.com/absfs/basefs/basefs.go:539.16,541.3 1 0
github.com/absfs/basefs/basefs.go:543.2,543.41 1 1
github.com/absfs/basefs/basefs.go:546.68,548.16 2 0
github.com/absfs/basefs/basefs.go:548.16,550.3 1 0
github.com/absfs/basefs/basefs.go:552.2,552.35 1 0
github.com/absfs/basefs/basefs.go:555.51,557.16 2 0
github.com/absfs/basefs/basefs.go:557.16,559.3 1 0
github.com/absfs/basefs/basefs.go:561.2,561.30 1 0
github.com/absfs/basefs/basefs.go:564.62,566.16 2 0
github.com/absfs/basefs/basefs.go:566.16,568.3 1 0
github.com/absfs/basefs/basefs.go:570.2,570.35 1 0
github.com/absfs/basefs/basefs.go:574.66,576.16 2 0
github.com/absfs/basefs/basefs.go:576.16,578.3 1 0
github.com/absfs/basefs/basefs.go:580.2,581.39 2 0
github.com/absfs/basefs/basefs.go:585.60,587.16 2 0
github.com/absfs/basefs/basefs.go:587.16,589.3 1 0
github.com/absfs/basefs/basefs.go:591.2,592.36 2 0
github.com/absfs/basefs/basefs.go:596.53,598.16 2 0
github.com/absfs/basefs/basefs.go:598.16,600.3 1 0
github.com/absfs/basefs/basefs.go:602.2,602.37 1 0
github.com/absfs/basefs/utils.go:9.51,11.8 2 1
github.com/absfs/basefs/utils.go:11.8,13.3 1 1
github.com/absfs/basefs/utils.go:14.2,14.11 1 0
github.com/absfs/basefs/utils.go:19.41,21.8 2 1
github.com/absfs/basefs/utils.go:21.8,23.3 1 1
github.com/absfs/basefs/utils.go:24.2,24.11 1 0
